-------------------------------------------------------------------------------
Test set: Product.ProductTest
-------------------------------------------------------------------------------
Tests run: 4, Failures: 1, Errors: 0, Skipped: 0, Time elapsed: 0.051 s <<< FAILURE! - in Product.ProductTest
testSearchPrice  Time elapsed: 0.014 s  <<< FAILURE!
org.opentest4j.AssertionFailedError: expected: <2> but was: <1>
	at Product.ProductTest.testSearchPrice(ProductTest.java:44)

