<?xml version="1.0" encoding="UTF-8"?>
<testsuite xmlns:xsi="http://www.w3.org/2001/XMLSchema-instance" xsi:noNamespaceSchemaLocation="https://maven.apache.org/surefire/maven-surefire-plugin/xsd/surefire-test-report.xsd" name="Product.ProductTest" time="0.051" tests="4" errors="0" skipped="0" failures="1">
  <properties>
[...]
</properties>
  <testcase name="testgetName" classname="Product.ProductTest" time="0.024"/>
  <testcase name="testgetPrice" classname="Product.ProductTest" time="0"/>
  <testcase name="testSearchPrice" classname="Product.ProductTest" time="0.014">
    <failure message="expected: &lt;2&gt; but was: &lt;1&gt;" type="org.opentest4j.AssertionFailedError"><![CDATA[org.opentest4j.AssertionFailedError: expected: <2> but was: <1>
	at Product.ProductTest.testSearchPrice(ProductTest.java:44)
]]></failure>
    <system-out><![CDATA[Notebook
]]></system-out>
  </testcase>
  <testcase name="testgetId" classname="Product.ProductTest" time="0.001"/>
</testsuite>